<?xml version="1.0" encoding="UTF-8"?>
<!-- Generated by org.testng.reporters.JUnitReportReporter -->
<testsuite hostname="DESKTOP-AFN42G6" failures="0" tests="1" name="com.google.cloud.test.HardCoreTest" time="71.626" errors="0" timestamp="2021-08-24T16:09:50 MSK" skipped="0">
  <testcase classname="com.google.cloud.test.HardCoreTest" name="resultValuesAreSimilarToTotalCostInMail" time="71.626"/>
  <system-out/>
</testsuite> <!-- com.google.cloud.test.HardCoreTest -->
